This is XeTeX, Version 3.1415926-2.4-0.9998 (TeX Live 2012) (format=xelatex 2012.6.30)  21 NOV 2013 09:40
entering extended mode
 restricted \write18 enabled.
 file:line:error style messages enabled.
 %&-line parsing enabled.
**ICFM.tex
(./ICFM.tex
LaTeX2e <2011/06/27>
Babel <v3.8m> and hyphenation patterns for english, dumylang, nohyphenation, ge
rman-x-2012-05-30, ngerman-x-2012-05-30, afrikaans, ancientgreek, ibycus, arabi
c, armenian, basque, bulgarian, catalan, pinyin, coptic, croatian, czech, danis
h, dutch, ukenglish, usenglishmax, esperanto, estonian, ethiopic, farsi, finnis
h, french, friulan, galician, german, ngerman, swissgerman, monogreek, greek, h
ungarian, icelandic, assamese, bengali, gujarati, hindi, kannada, malayalam, ma
rathi, oriya, panjabi, tamil, telugu, indonesian, interlingua, irish, italian, 
kurmanji, latin, latvian, lithuanian, mongolian, mongolianlmc, bokmal, nynorsk,
 polish, portuguese, romanian, romansh, russian, sanskrit, serbian, serbianc, s
lovak, slovenian, spanish, swedish, turkish, turkmen, ukrainian, uppersorbian, 
welsh, loaded.
(/usr/local/texlive/2012/texmf-dist/tex/latex/base/report.cls
Document Class: report 2007/10/19 v1.4h Standard LaTeX document class
(/usr/local/texlive/2012/texmf-dist/tex/latex/base/size10.clo
File: size10.clo 2007/10/19 v1.4h Standard LaTeX file (size option)
)
\c@part=\count80
\c@chapter=\count81
\c@section=\count82
\c@subsection=\count83
\c@subsubsection=\count84
\c@paragraph=\count85
\c@subparagraph=\count86
\c@figure=\count87
\c@table=\count88
\abovecaptionskip=\skip41
\belowcaptionskip=\skip42
\bibindent=\dimen102
)
(../../../../+LaTeX/LectureNotesSetup.tex
"Using xetex / xelatex"
(/usr/local/texlive/2012/texmf-dist/tex/latex/geometry/geometry.sty
Package: geometry 2010/09/12 v5.6 Page Geometry

(/usr/local/texlive/2012/texmf-dist/tex/latex/graphics/keyval.sty
Package: keyval 1999/03/16 v1.13 key=value parser (DPC)
\KV@toks@=\toks14
)
(/usr/local/texlive/2012/texmf-dist/tex/generic/oberdiek/ifpdf.sty
Package: ifpdf 2011/01/30 v2.3 Provides the ifpdf switch (HO)
Package ifpdf Info: pdfTeX in PDF mode is not detected.
)
(/usr/local/texlive/2012/texmf-dist/tex/generic/oberdiek/ifvtex.sty
Package: ifvtex 2010/03/01 v1.5 Detect VTeX and its facilities (HO)
Package ifvtex Info: VTeX not detected.
)
(/usr/local/texlive/2012/texmf-dist/tex/generic/ifxetex/ifxetex.sty
Package: ifxetex 2010/09/12 v0.6 Provides ifxetex conditional
)
\Gm@cnth=\count89
\Gm@cntv=\count90
\c@Gm@tempcnt=\count91
\Gm@bindingoffset=\dimen103
\Gm@wd@mp=\dimen104
\Gm@odd@mp=\dimen105
\Gm@even@mp=\dimen106
\Gm@layoutwidth=\dimen107
\Gm@layoutheight=\dimen108
\Gm@layouthoffset=\dimen109
\Gm@layoutvoffset=\dimen110
\Gm@dimlist=\toks15
)
(/usr/local/texlive/2012/texmf-dist/tex/latex/amsmath/amsmath.sty
Package: amsmath 2000/07/18 v2.13 AMS math features
\@mathmargin=\skip43

For additional information on amsmath, use the `?' option.
(/usr/local/texlive/2012/texmf-dist/tex/latex/amsmath/amstext.sty
Package: amstext 2000/06/29 v2.01

(/usr/local/texlive/2012/texmf-dist/tex/latex/amsmath/amsgen.sty
File: amsgen.sty 1999/11/30 v2.0
\@emptytoks=\toks16
\ex@=\dimen111
))
(/usr/local/texlive/2012/texmf-dist/tex/latex/amsmath/amsbsy.sty
Package: amsbsy 1999/11/29 v1.2d
\pmbraise@=\dimen112
)
(/usr/local/texlive/2012/texmf-dist/tex/latex/amsmath/amsopn.sty
Package: amsopn 1999/12/14 v2.01 operator names
)
\inf@bad=\count92
LaTeX Info: Redefining \frac on input line 211.
\uproot@=\count93
\leftroot@=\count94
LaTeX Info: Redefining \overline on input line 307.
\classnum@=\count95
\DOTSCASE@=\count96
LaTeX Info: Redefining \ldots on input line 379.
LaTeX Info: Redefining \dots on input line 382.
LaTeX Info: Redefining \cdots on input line 467.
\Mathstrutbox@=\box26
\strutbox@=\box27
\big@size=\dimen113
LaTeX Font Info:    Redeclaring font encoding OML on input line 567.
LaTeX Font Info:    Redeclaring font encoding OMS on input line 568.
\macc@depth=\count97
\c@MaxMatrixCols=\count98
\dotsspace@=\muskip10
\c@parentequation=\count99
\dspbrk@lvl=\count100
\tag@help=\toks17
\row@=\count101
\column@=\count102
\maxfields@=\count103
\andhelp@=\toks18
\eqnshift@=\dimen114
\alignsep@=\dimen115
\tagshift@=\dimen116
\tagwidth@=\dimen117
\totwidth@=\dimen118
\lineht@=\dimen119
\@envbody=\toks19
\multlinegap=\skip44
\multlinetaggap=\skip45
\mathdisplay@stack=\toks20
LaTeX Info: Redefining \[ on input line 2666.
LaTeX Info: Redefining \] on input line 2667.
)
(/usr/local/texlive/2012/texmf-dist/tex/latex/amsfonts/amssymb.sty
Package: amssymb 2009/06/22 v3.00

(/usr/local/texlive/2012/texmf-dist/tex/latex/amsfonts/amsfonts.sty
Package: amsfonts 2009/06/22 v3.00 Basic AMSFonts support
\symAMSa=\mathgroup4
\symAMSb=\mathgroup5
LaTeX Font Info:    Overwriting math alphabet `\mathfrak' in version `bold'
(Font)                  U/euf/m/n --> U/euf/b/n on input line 96.
))
(/usr/local/texlive/2012/texmf-dist/tex/latex/graphics/graphicx.sty
Package: graphicx 1999/02/16 v1.0f Enhanced LaTeX Graphics (DPC,SPQR)

(/usr/local/texlive/2012/texmf-dist/tex/latex/graphics/graphics.sty
Package: graphics 2009/02/05 v1.0o Standard LaTeX Graphics (DPC,SPQR)

(/usr/local/texlive/2012/texmf-dist/tex/latex/graphics/trig.sty
Package: trig 1999/03/16 v1.09 sin cos tan (DPC)
)
(/usr/local/texlive/2012/texmf-dist/tex/latex/latexconfig/graphics.cfg
File: graphics.cfg 2010/04/23 v1.9 graphics configuration of TeX Live
)
Package graphics Info: Driver file: xetex.def on input line 91.

(/usr/local/texlive/2012/texmf-dist/tex/xelatex/xetex-def/xetex.def
File: xetex.def 2009/11/22 v0.94 LaTeX color/graphics driver for XeTeX (RRM/JK)

))
\Gin@req@height=\dimen120
\Gin@req@width=\dimen121
)
(/usr/local/texlive/2012/texmf-dist/tex/latex/graphics/color.sty
Package: color 2005/11/14 v1.0j Standard LaTeX Color (DPC)

(/usr/local/texlive/2012/texmf-dist/tex/latex/latexconfig/color.cfg
File: color.cfg 2007/01/18 v1.5 color configuration of teTeX/TeXLive
)
Package color Info: Driver file: xetex.def on input line 130.
)
(/usr/local/texlive/2012/texmf-dist/tex/latex/enumitem/enumitem.sty
Package: enumitem 2011/09/28 v3.5.2 Customized lists
\labelindent=\skip46
\enit@outerparindent=\dimen122
\enit@toks=\toks21
\enit@inbox=\box28
\enitdp@description=\count104
)
(/usr/local/texlive/2012/texmf-dist/tex/latex/tools/theorem.sty
Package: theorem 1995/11/23 v2.2c Theorem extension package (FMi)
\theorem@style=\toks22
\theorem@bodyfont=\toks23
\theorempreskipamount=\skip47
\theorempostskipamount=\skip48

(/usr/local/texlive/2012/texmf-dist/tex/latex/tools/thp.sty
File: thp.sty 1995/11/23 v2.2c Theorem extension package (FMi)
))
(/usr/local/texlive/2012/texmf-dist/tex/latex/fancybox/fancybox.sty
Package: fancybox 2010/05/15 1.4

Style option: `fancybox' v1.4 <2010/05/15> (tvz)
\@fancybox=\box29
\shadowsize=\dimen123
\@Sbox=\box30
\do@VerbBox=\toks24
\the@fancyput=\toks25
\this@fancyput=\toks26
\EndVerbatimTokens=\toks27
\Verbatim@Outfile=\write3
\Verbatim@Infile=\read1
) (/usr/local/texlive/2012/texmf-dist/tex/latex/subfigure/subfigure.sty
Package: subfigure 2002/03/15 v2.1.5 subfigure package
\subfigtopskip=\skip49
\subfigcapskip=\skip50
\subfigcaptopadj=\dimen124
\subfigbottomskip=\skip51
\subfigcapmargin=\dimen125
\subfiglabelskip=\skip52
\c@subfigure=\count105
\c@lofdepth=\count106
\c@subtable=\count107
\c@lotdepth=\count108

****************************************
* Local config file subfigure.cfg used *
****************************************
(/usr/local/texlive/2012/texmf-dist/tex/latex/subfigure/subfigure.cfg)
\subfig@top=\skip53
\subfig@bottom=\skip54
)
(/usr/local/texlive/2012/texmf-dist/tex/latex/wrapfig/wrapfig.sty
\wrapoverhang=\dimen126
\WF@size=\dimen127
\c@WF@wrappedlines=\count109
\WF@box=\box31
\WF@everypar=\toks28
Package: wrapfig 2003/01/31  v 3.6
)
(/usr/local/texlive/2012/texmf-dist/tex/latex/tools/bm.sty
Package: bm 2004/02/26 v1.1c Bold Symbol Support (DPC/FMi)
\symboldoperators=\mathgroup6
\symboldletters=\mathgroup7
\symboldsymbols=\mathgroup8
LaTeX Font Info:    Redeclaring math alphabet \mathbf on input line 138.
LaTeX Info: Redefining \bm on input line 204.
)
(/usr/local/texlive/2012/texmf-dist/tex/latex/parskip/parskip.sty
Package: parskip 2001/04/09 non-zero parskip adjustments
)
(/usr/local/texlive/2012/texmf-dist/tex/latex/setspace/setspace.sty
Package: setspace 2011/12/19 v6.7a set line spacing
)
(/usr/local/texlive/2012/texmf-dist/tex/latex/caption/caption.sty
Package: caption 2012/02/19 v3.2f Customizing captions (AR)

(/usr/local/texlive/2012/texmf-dist/tex/latex/caption/caption3.sty
Package: caption3 2012/01/12 v1.4b caption3 kernel (AR)
\captionmargin=\dimen128
\captionmargin@=\dimen129
\captionwidth=\dimen130
\caption@indent=\dimen131
\caption@parindent=\dimen132
\caption@hangindent=\dimen133
)
\c@ContinuedFloat=\count110
Package caption Info: subfigure package is loaded.
Package caption Info: wrapfig package is loaded.
)
(/usr/local/texlive/2012/texmf-dist/tex/latex/fancyhdr/fancyhdr.sty
\fancy@headwidth=\skip55
\f@ncyO@elh=\skip56
\f@ncyO@erh=\skip57
\f@ncyO@olh=\skip58
\f@ncyO@orh=\skip59
\f@ncyO@elf=\skip60
\f@ncyO@erf=\skip61
\f@ncyO@olf=\skip62
\f@ncyO@orf=\skip63
)
(/usr/local/texlive/2012/texmf-dist/tex/latex/titlesec/titlesec.sty
Package: titlesec 2011/12/15 v2.10.0 Sectioning titles
\ttl@box=\box32
\beforetitleunit=\skip64
\aftertitleunit=\skip65
\ttl@plus=\dimen134
\ttl@minus=\dimen135
\ttl@toksa=\toks29
\titlewidth=\dimen136
\titlewidthlast=\dimen137
\titlewidthfirst=\dimen138
)
(/usr/local/texlive/2012/texmf-dist/tex/latex/url/url.sty
\Urlmuskip=\muskip11
Package: url 2006/04/12  ver 3.3  Verb mode for urls, etc.
)
(/usr/local/texlive/2012/texmf-dist/tex/latex/comment/comment.sty
\CommentStream=\write4

Excluding comment 'comment')
(/usr/local/texlive/2012/texmf-dist/tex/latex/fontspec/fontspec.sty
Package: fontspec 2012/05/06 v2.2b Advanced font selection for XeLaTeX/LuaLaTeX


(/usr/local/texlive/2012/texmf-dist/tex/latex/l3kernel/expl3.sty
(/usr/local/texlive/2012/texmf-dist/tex/latex/l3kernel/l3names.sty
(/usr/local/texlive/2012/texmf-dist/tex/latex/l3kernel/l3bootstrap.sty
Package: l3bootstrap 2011/12/29 v3110 L3 Experimental bootstrap code
)
Package: l3names 2012/03/04 v3494 L3 Experimental namespace for primitives
)
(/usr/local/texlive/2012/texmf-dist/tex/latex/etex-pkg/etex.sty
Package: etex 1998/03/26 v2.0 eTeX basic definition package (PEB)
\et@xins=\count111
)
Package: expl3 2012/04/23 v3570 L3 Experimental code bundle wrapper

(/usr/local/texlive/2012/texmf-dist/tex/latex/l3kernel/l3basics.sty
Package: l3basics 2012/03/04 v3491 L3 Experimental basic definitions
)
(/usr/local/texlive/2012/texmf-dist/tex/latex/l3kernel/l3expan.sty
Package: l3expan 2012/02/26 v3460 L3 Experimental argument expansion
)
(/usr/local/texlive/2012/texmf-dist/tex/latex/l3kernel/l3tl.sty
Package: l3tl 2012/03/04 v3490 L3 Experimental token lists
)
(/usr/local/texlive/2012/texmf-dist/tex/latex/l3kernel/l3seq.sty
Package: l3seq 2012/03/04 v3490 L3 Experimental sequences and stacks
)
(/usr/local/texlive/2012/texmf-dist/tex/latex/l3kernel/l3int.sty
Package: l3int 2012/03/04 v3490 L3 Experimental integers
\c_max_int=\count112
\l_tmpa_int=\count113
\l_tmpb_int=\count114
\l_tmpc_int=\count115
\g_tmpa_int=\count116
\g_tmpb_int=\count117
)
(/usr/local/texlive/2012/texmf-dist/tex/latex/l3kernel/l3quark.sty
Package: l3quark 2012/02/12 v3384 L3 Experimental quarks
)
(/usr/local/texlive/2012/texmf-dist/tex/latex/l3kernel/l3prg.sty
Package: l3prg 2012/03/04 v3490 L3 Experimental control structures
\g_prg_map_int=\count118
)
(/usr/local/texlive/2012/texmf-dist/tex/latex/l3kernel/l3clist.sty
Package: l3clist 2012/03/04 v3490 L3 Experimental comma separated lists
)
(/usr/local/texlive/2012/texmf-dist/tex/latex/l3kernel/l3token.sty
Package: l3token 2012/03/04 v3491 L3 Experimental token manipulation
)
(/usr/local/texlive/2012/texmf-dist/tex/latex/l3kernel/l3prop.sty
Package: l3prop 2012/03/04 v3490 L3 Experimental property lists
)
(/usr/local/texlive/2012/texmf-dist/tex/latex/l3kernel/l3msg.sty
Package: l3msg 2012/04/23 v3568 L3 Experimental messages
)
(/usr/local/texlive/2012/texmf-dist/tex/latex/l3kernel/l3file.sty
Package: l3file 2012/03/09 v3520 L3 Experimental file and I/O operations
\l_iow_stream_int=\count119
\l_iow_line_length_int=\count120
\l_iow_target_length_int=\count121
\l_iow_current_line_int=\count122
\l_iow_current_word_int=\count123
\l_iow_current_indentation_int=\count124
)
(/usr/local/texlive/2012/texmf-dist/tex/latex/l3kernel/l3skip.sty
Package: l3skip 2012/03/05 v3499 L3 Experimental dimensions and skips
\l_tmpa_dim=\dimen139
\l_tmpb_dim=\dimen140
\l_tmpc_dim=\dimen141
\g_tmpa_dim=\dimen142
\g_tmpb_dim=\dimen143
\l_tmpa_skip=\skip66
\l_tmpb_skip=\skip67
\l_tmpc_skip=\skip68
\g_tmpa_skip=\skip69
\g_tmpb_skip=\skip70
)
(/usr/local/texlive/2012/texmf-dist/tex/latex/l3kernel/l3keys.sty
Package: l3keys 2012/03/03 v3487 L3 Experimental key-value interfaces
\g_keyval_level_int=\count125
\l_keys_choice_int=\count126
)
(/usr/local/texlive/2012/texmf-dist/tex/latex/l3kernel/l3fp.sty
Package: l3fp 2012/03/04 v3490 L3 Experimental floating-point operations
\c_one_hundred_million=\count127
\c_five_hundred_million=\count128
\c_one_thousand_million=\count129
\c_fp_pi_by_four_decimal_int=\count130
\c_fp_pi_by_four_extended_int=\count131
\c_fp_pi_decimal_int=\count132
\c_fp_pi_extended_int=\count133
\c_fp_two_pi_decimal_int=\count134
\c_fp_two_pi_extended_int=\count135
\l_fp_count_int=\count136
\l_fp_div_offset_int=\count137
\l_fp_exp_integer_int=\count138
\l_fp_exp_decimal_int=\count139
\l_fp_exp_extended_int=\count140
\l_fp_exp_exponent_int=\count141
\l_fp_input_a_sign_int=\count142
\l_fp_input_a_integer_int=\count143
\l_fp_input_a_decimal_int=\count144
\l_fp_input_a_exponent_int=\count145
\l_fp_input_b_sign_int=\count146
\l_fp_input_b_integer_int=\count147
\l_fp_input_b_decimal_int=\count148
\l_fp_input_b_exponent_int=\count149
\l_fp_input_a_extended_int=\count150
\l_fp_input_b_extended_int=\count151
\l_fp_mul_a_i_int=\count152
\l_fp_mul_a_ii_int=\count153
\l_fp_mul_a_iii_int=\count154
\l_fp_mul_a_iv_int=\count155
\l_fp_mul_a_v_int=\count156
\l_fp_mul_a_vi_int=\count157
\l_fp_mul_b_i_int=\count158
\l_fp_mul_b_ii_int=\count159
\l_fp_mul_b_iii_int=\count160
\l_fp_mul_b_iv_int=\count161
\l_fp_mul_b_v_int=\count162
\l_fp_mul_b_vi_int=\count163
\l_fp_mul_output_int=\count164
\l_fp_output_sign_int=\count165
\l_fp_output_integer_int=\count166
\l_fp_output_decimal_int=\count167
\l_fp_output_exponent_int=\count168
\l_fp_output_extended_int=\count169
\l_fp_round_position_int=\count170
\l_fp_round_target_int=\count171
\l_fp_split_sign_int=\count172
\l_fp_internal_int=\count173
\l_fp_trig_octant_int=\count174
\l_fp_trig_sign_int=\count175
\l_fp_trig_decimal_int=\count176
\l_fp_trig_extended_int=\count177
\l_fp_internal_dim=\dimen144
\l_fp_internal_skip=\skip71
)
(/usr/local/texlive/2012/texmf-dist/tex/latex/l3kernel/l3box.sty
Package: l3box 2012/03/04 v3490 L3 Experimental boxes
\l_tmpb_box=\box33
\l_box_top_dim=\dimen145
\l_box_bottom_dim=\dimen146
\l_box_left_dim=\dimen147
\l_box_right_dim=\dimen148
\l_box_top_new_dim=\dimen149
\l_box_bottom_new_dim=\dimen150
\l_box_left_new_dim=\dimen151
\l_box_right_new_dim=\dimen152
\l_box_internal_box=\box34
)
(/usr/local/texlive/2012/texmf-dist/tex/latex/l3kernel/l3coffins.sty
Package: l3coffins 2012/03/03 v3482 L3 Experimental coffin code layer
\l_coffin_internal_box=\box35
\l_coffin_internal_dim=\dimen153
\l_coffin_offset_x_dim=\dimen154
\l_coffin_offset_y_dim=\dimen155
\l_coffin_x_dim=\dimen156
\l_coffin_y_dim=\dimen157
\l_coffin_x_prime_dim=\dimen158
\l_coffin_y_prime_dim=\dimen159
\l_coffin_Depth_dim=\dimen160
\l_coffin_Height_dim=\dimen161
\l_coffin_TotalHeight_dim=\dimen162
\l_coffin_Width_dim=\dimen163
\c_empty_coffin=\box36
\l_coffin_aligned_coffin=\box37
\l_coffin_aligned_internal_coffin=\box38
\l_coffin_bounding_shift_dim=\dimen164
\l_coffin_left_corner_dim=\dimen165
\l_coffin_right_corner_dim=\dimen166
\l_coffin_bottom_corner_dim=\dimen167
\l_coffin_top_corner_dim=\dimen168
\l_coffin_scaled_total_height_dim=\dimen169
\l_coffin_scaled_width_dim=\dimen170
\l_coffin_display_coffin=\box39
\l_coffin_display_coord_coffin=\box40
\l_coffin_display_pole_coffin=\box41
\l_coffin_display_offset_dim=\dimen171
\l_coffin_display_x_dim=\dimen172
\l_coffin_display_y_dim=\dimen173
)
(/usr/local/texlive/2012/texmf-dist/tex/latex/l3kernel/l3color.sty
Package: l3color 2011/09/07 v2776 L3 Experimental colour support
)
(/usr/local/texlive/2012/texmf-dist/tex/latex/l3kernel/l3luatex.sty
Package: l3luatex 2012/02/09 v3355 L3 Experimental LuaTeX-specific functions
\g_cctab_allocate_int=\count178
\g_cctab_stack_int=\count179
))
(/usr/local/texlive/2012/texmf-dist/tex/latex/l3packages/xparse/xparse.sty
Package: xparse 2012/04/23 v3570 L3 Experimental document command parser
\l_xparse_current_arg_int=\count180
\l_xparse_m_args_int=\count181
\l_xparse_mandatory_args_int=\count182
\l_xparse_processor_int=\count183
\l_xparse_v_nesting_int=\count184
)
\l_fontspec_script_int=\count185
\l_fontspec_language_int=\count186
\l_fontspec_strnum_int=\count187
\l_fontspec_tmpa_dim=\dimen174
\l_fontspec_tmpb_dim=\dimen175
\l_fontspec_tmpc_dim=\dimen176
Variant \tl_gset:cV already defined; not changing it on line 66

(/usr/local/texlive/2012/texmf-dist/tex/latex/fontspec/fontspec-patches.sty
Package: fontspec-patches 2012/05/06 v2.2b Advanced font selection for XeLaTeX/
LuaLaTeX

(/usr/local/texlive/2012/texmf-dist/tex/latex/base/fixltx2e.sty
Package: fixltx2e 2006/09/13 v1.1m fixes to LaTeX
LaTeX Info: Redefining \em on input line 420.
LaTeX Info: The control sequence `\[' is already robust on input line 471.
LaTeX Info: The control sequence `\]' is already robust on input line 472.
)
LaTeX Info: Redefining \em on input line 22.
LaTeX Info: Redefining \emph on input line 29.
LaTeX Info: Redefining \- on input line 32.

*************************************************
* LaTeX warning: "xparse/redefine-command"
* 
* Redefining document command \oldstylenums with arg. spec. 'm' on line 107.
*************************************************
.................................................
. LaTeX info: "xparse/define-command"
. 
. Defining document command \liningnums with arg. spec. 'm' on line 111.
.................................................
) (/usr/local/texlive/2012/texmf-dist/tex/latex/fontspec/fontspec-xetex.sty
Package: fontspec-xetex 2012/05/06 v2.2b Advanced font selection for XeLaTeX/Lu
aLaTeX

(/usr/local/texlive/2012/texmf-dist/tex/latex/base/fontenc.sty
Package: fontenc 2005/09/27 v1.99g Standard LaTeX package

(/usr/local/texlive/2012/texmf-dist/tex/latex/euenc/eu1enc.def
File: eu1enc.def 2010/05/27 v0.1h Experimental Unicode font encodings
)
LaTeX Font Info:    Try loading font information for EU1+lmr on input line 100.


(/usr/local/texlive/2012/texmf-dist/tex/latex/euenc/eu1lmr.fd
File: eu1lmr.fd 2009/10/30 v1.6 Font defs for Latin Modern
))
(/usr/local/texlive/2012/texmf-dist/tex/xelatex/xunicode/xunicode.sty
File: xunicode.sty 2011/09/09 v0.981 provides access to latin accents and many 
other characters in Unicode lower plane

(/usr/local/texlive/2012/texmf-dist/tex/latex/tipa/t3enc.def
File: t3enc.def 2001/12/31 T3 encoding
LaTeX Font Info:    Try loading font information for EU1+lmss on input line 357
.

(/usr/local/texlive/2012/texmf-dist/tex/latex/euenc/eu1lmss.fd
File: eu1lmss.fd 2009/10/30 v1.6 Font defs for Latin Modern
))
\tipaTiiicode=\count188
\tipasavetokens=\toks30
\tipachecktokens=\toks31
)
.................................................
. LaTeX info: "xparse/define-command"
. 
. Defining document command \fontspec with arg. spec. 'O{}m' on line 39.
.................................................
.................................................
. LaTeX info: "xparse/define-command"
. 
. Defining document command \setmainfont with arg. spec. 'O{}m' on line 43.
.................................................
.................................................
. LaTeX info: "xparse/define-command"
. 
. Defining document command \setsansfont with arg. spec. 'O{}m' on line 47.
.................................................
.................................................
. LaTeX info: "xparse/define-command"
. 
. Defining document command \setmonofont with arg. spec. 'O{}m' on line 51.
.................................................
.................................................
. LaTeX info: "xparse/define-command"
. 
. Defining document command \setmathrm with arg. spec. 'O{}m' on line 59.
.................................................
.................................................
. LaTeX info: "xparse/define-command"
. 
. Defining document command \setboldmathrm with arg. spec. 'O{}m' on line 62.
.................................................
.................................................
. LaTeX info: "xparse/define-command"
. 
. Defining document command \setmathsf with arg. spec. 'O{}m' on line 65.
.................................................
.................................................
. LaTeX info: "xparse/define-command"
. 
. Defining document command \setmathtt with arg. spec. 'O{}m' on line 68.
.................................................
.................................................
. LaTeX info: "xparse/define-command"
. 
. Defining document command \newfontfamily with arg. spec. 'mO{}m' on line 84.
.................................................
.................................................
. LaTeX info: "xparse/define-command"
. 
. Defining document command \newfontface with arg. spec. 'mO{}m' on line 87.
.................................................
.................................................
. LaTeX info: "xparse/define-command"
. 
. Defining document command \defaultfontfeatures with arg. spec. 'm' on line
. 91.
.................................................
.................................................
. LaTeX info: "xparse/define-command"
. 
. Defining document command \addfontfeatures with arg. spec. 'm' on line 107.
.................................................
.................................................
. LaTeX info: "xparse/define-command"
. 
. Defining document command \newfontfeature with arg. spec. 'mm' on line 118.
.................................................
.................................................
. LaTeX info: "xparse/define-command"
. 
. Defining document command \newAATfeature with arg. spec. 'mmmm' on line 125.
.................................................
.................................................
. LaTeX info: "xparse/define-command"
. 
. Defining document command \newICUfeature with arg. spec. 'mmm' on line 132.
.................................................
.................................................
. LaTeX info: "xparse/define-command"
. 
. Defining document command \aliasfontfeature with arg. spec. 'mm' on line
. 159.
.................................................
.................................................
. LaTeX info: "xparse/define-command"
. 
. Defining document command \aliasfontfeatureoption with arg. spec. 'mmm' on
. line 164.
.................................................
.................................................
. LaTeX info: "xparse/define-command"
. 
. Defining document command \newfontscript with arg. spec. 'mm' on line 169.
.................................................
.................................................
. LaTeX info: "xparse/define-command"
. 
. Defining document command \newfontlanguage with arg. spec. 'mm' on line 192.
.................................................
.................................................
. LaTeX info: "xparse/define-command"
. 
. Defining document command \DeclareFontsExtensions with arg. spec. 'm' on
. line 211.
.................................................
Variant \prop_gput:cnV already defined; not changing it on line 485
Variant \prop_gput:cnx already defined; not changing it on line 486
\l_fontspec_tmp_int=\count189
LaTeX Info: Redefining \itshape on input line 1893.
LaTeX Info: Redefining \slshape on input line 1897.
LaTeX Info: Redefining \scshape on input line 1901.
LaTeX Info: Redefining \upshape on input line 1905.

(/usr/local/texlive/2012/texmf-dist/tex/latex/fontspec/fontspec.cfg)))
.................................................
. fontspec info: "set-scale"
. 
. Adobe Garamond Pro scale = 1.085494668.
.................................................
\g_fontspec_family_Adobe Garamond Pro_int=\count190
.................................................
. fontspec info: "set-scale"
. 
. Adobe Garamond Pro scale = 1.085494668.
.................................................
.................................................
. fontspec info: "set-scale"
. 
. Adobe Garamond Pro scale = 1.085494668.
.................................................
.................................................
. fontspec info: "set-scale"
. 
. Adobe Garamond Pro/B scale = 1.069332969.
.................................................
.................................................
. fontspec info: "set-scale"
. 
. Adobe Garamond Pro/I scale = 1.056230165.
.................................................
.................................................
. fontspec info: "set-scale"
. 
. Adobe Garamond Pro/BI scale = 1.040922000.
.................................................
.................................................
. fontspec info: "defining-font"
. 
. Font family 'AdobeGaramondPro(0)' created for font 'Adobe Garamond Pro' with
. options [Scale=MatchLowercase,Mapping=tex-text,].
. 
. This font family consists of the following shapes:
. 
. * 'normal' with NFSS spec.:
. <->s*[1.085494668]"Adobe Garamond
. Pro/ICU:script=latn;language=DFLT;mapping=tex-text;"
. 
. * 'small caps' with NFSS spec.:
. <->s*[1.085494668]"Adobe Garamond
. Pro/ICU:script=latn;language=DFLT;mapping=tex-text;+smcp;"
. 
. * 'bold' with NFSS spec.:
. <->s*[1.069332969]"Adobe Garamond
. Pro/B/ICU:script=latn;language=DFLT;mapping=tex-text;"
. 
. * 'italic' with NFSS spec.:
. <->s*[1.056230165]"Adobe Garamond
. Pro/I/ICU:script=latn;language=DFLT;mapping=tex-text;"
. 
. * 'bold italic' with NFSS spec.:
. <->s*[1.040922000]"Adobe Garamond
. Pro/BI/ICU:script=latn;language=DFLT;mapping=tex-text;"
.................................................
LaTeX Font Info:    Font shape `EU1/AdobeGaramondPro(0)/m/n' will be
(Font)              scaled to size 10.85495pt on input line 62.
.................................................
. fontspec info: "no-scripts"
. 
. Font Helvetica does not contain any OpenType `Script' information.
.................................................
.................................................
. fontspec info: "set-scale"
. 
. Helvetica scale = 0.8254541760.
.................................................
\g_fontspec_family_Helvetica_int=\count191
.................................................
. fontspec info: "set-scale"
. 
. Helvetica scale = 0.8254541760.
.................................................
.................................................
. fontspec info: "set-scale"
. 
. Helvetica/B scale = 0.8108446150.
.................................................
.................................................
. fontspec info: "set-scale"
. 
. Helvetica/I scale = 0.8254541760.
.................................................
.................................................
. fontspec info: "set-scale"
. 
. Helvetica/BI scale = 0.8108446150.
.................................................
.................................................
. fontspec info: "defining-font"
. 
. Font family 'Helvetica(0)' created for font 'Helvetica' with options
. [Scale=MatchLowercase,Mapping=tex-text,].
. 
. This font family consists of the following shapes:
. 
. * 'normal' with NFSS spec.:
. <->s*[0.8254541760]"Helvetica/AAT:mapping=tex-text;"
. 
. * 'bold' with NFSS spec.:
. <->s*[0.8108446150]"Helvetica/B/AAT:mapping=tex-text;"
. 
. * 'italic' with NFSS spec.:
. <->s*[0.8254541760]"Helvetica/I/AAT:mapping=tex-text;"
. 
. * 'bold italic' with NFSS spec.:
. <->s*[0.8108446150]"Helvetica/BI/AAT:mapping=tex-text;"
.................................................
.................................................
. fontspec info: "set-scale"
. 
. Courier New scale = 1.018060865.
.................................................
\g_fontspec_family_Courier New_int=\count192
.................................................
. fontspec info: "set-scale"
. 
. Courier New scale = 1.018060865.
.................................................
.................................................
. fontspec info: "set-scale"
. 
. Courier New/B scale = 0.9712940970.
.................................................
.................................................
. fontspec info: "set-scale"
. 
. Courier New/I scale = 1.018060865.
.................................................
.................................................
. fontspec info: "set-scale"
. 
. Courier New/BI scale = 0.9712940970.
.................................................
.................................................
. fontspec info: "defining-font"
. 
. Font family 'CourierNew(0)' created for font 'Courier New' with options
. [Scale=MatchLowercase,Mapping=tex-text,].
. 
. This font family consists of the following shapes:
. 
. * 'normal' with NFSS spec.:
. <->s*[1.018060865]"Courier
. New/ICU:script=latn;language=DFLT;mapping=tex-text;"
. 
. * 'bold' with NFSS spec.:
. <->s*[0.9712940970]"Courier
. New/B/ICU:script=latn;language=DFLT;mapping=tex-text;"
. 
. * 'italic' with NFSS spec.:
. <->s*[1.018060865]"Courier
. New/I/ICU:script=latn;language=DFLT;mapping=tex-text;"
. 
. * 'bold italic' with NFSS spec.:
. <->s*[0.9712940970]"Courier
. New/BI/ICU:script=latn;language=DFLT;mapping=tex-text;"
.................................................
LaTeX Font Info:    Font shape `EU1/AdobeGaramondPro(0)/m/it' will be
(Font)              scaled to size 10.56229pt on input line 85.
\c@Def=\count193
\c@Rem=\count194
\c@exercise=\count195
\c@theorem=\count196

Special comment 'answer' Special comment 'answer1' Special comment 'answer2'
Special comment 'answer3' Special comment 'answer4' Special comment 'answer5'
Special comment 'answer6' Special comment 'answer7' Special comment 'solution'
Special comment 'advanced' Special comment 'advancedbox'
\c@examplecounter=\count197

Special comment 'examplesolution' Special comment 'examplesolution1'
Special comment 'examplesolution2' Special comment 'examplesolution3'
Special comment 'examplesolution4' Special comment 'examplesolution5'
Special comment 'examplesolution6' Special comment 'examplesolution7'
Special comment 'examplesolutionbox' Special comment 'lecturehints'
Special comment 'lecturehintsbox'
\c@questioncounter=\count198
) Excluding comment 'answer'
Excluding comment 'answer1' Excluding comment 'answer2'
Excluding comment 'answer3' Excluding comment 'answer4'
Excluding comment 'answer5' Excluding comment 'answer6'
Excluding comment 'answer7' Excluding comment 'solution'
Excluding comment 'answer1' Excluding comment 'answer2'
Excluding comment 'answer3' Excluding comment 'answer4'
Excluding comment 'answer5' Excluding comment 'answer6'
Excluding comment 'answer7' Excluding comment 'examplesolution'
Excluding comment 'examplesolution1' Excluding comment 'examplesolution2'
Excluding comment 'examplesolution3' Excluding comment 'examplesolution4'
Excluding comment 'examplesolution5' Excluding comment 'examplesolution6'
Excluding comment 'examplesolution7' Excluding comment 'examplesolutionbox'
Excluding comment 'examplesolution1' Excluding comment 'examplesolution2'
Excluding comment 'examplesolution3' Excluding comment 'examplesolution4'
Excluding comment 'examplesolution5' Excluding comment 'examplesolution6'
Excluding comment 'examplesolution7' Excluding comment 'advanced'
Excluding comment 'advancedbox' Excluding comment 'lecturehints'
Excluding comment 'lecturehintsbox' (./ICFM.aux)
\openout1 = `ICFM.aux'.

LaTeX Font Info:    Checking defaults for OML/cmm/m/it on input line 35.
LaTeX Font Info:    ... okay on input line 35.
LaTeX Font Info:    Checking defaults for T1/cmr/m/n on input line 35.
LaTeX Font Info:    ... okay on input line 35.
LaTeX Font Info:    Checking defaults for OT1/cmr/m/n on input line 35.
LaTeX Font Info:    ... okay on input line 35.
LaTeX Font Info:    Checking defaults for OMS/cmsy/m/n on input line 35.
LaTeX Font Info:    ... okay on input line 35.
LaTeX Font Info:    Checking defaults for OMX/cmex/m/n on input line 35.
LaTeX Font Info:    ... okay on input line 35.
LaTeX Font Info:    Checking defaults for U/cmr/m/n on input line 35.
LaTeX Font Info:    ... okay on input line 35.
LaTeX Font Info:    Checking defaults for EU1/lmr/m/n on input line 35.
LaTeX Font Info:    ... okay on input line 35.
LaTeX Font Info:    Checking defaults for T3/cmr/m/n on input line 35.
LaTeX Font Info:    Try loading font information for T3+cmr on input line 35.

(/usr/local/texlive/2012/texmf-dist/tex/latex/tipa/t3cmr.fd
File: t3cmr.fd 2001/12/31 TIPA font definitions
)
LaTeX Font Info:    ... okay on input line 35.

*geometry* driver: auto-detecting
*geometry* detected driver: xetex
*geometry* verbose mode - [ preamble ] result:
* driver: xetex
* paper: a4paper
* layout: <same size as paper>
* layoutoffset:(h,v)=(0.0pt,0.0pt)
* modes: 
* h-part:(L,W,R)=(56.9055pt, 483.69687pt, 56.9055pt)
* v-part:(T,H,B)=(85.35826pt, 674.33032pt, 85.35826pt)
* \paperwidth=597.50787pt
* \paperheight=845.04684pt
* \textwidth=483.69687pt
* \textheight=674.33032pt
* \oddsidemargin=-15.36449pt
* \evensidemargin=-15.36449pt
* \topmargin=-23.91173pt
* \headheight=14.0pt
* \headsep=25.0pt
* \topskip=10.0pt
* \footskip=30.0pt
* \marginparwidth=65.0pt
* \marginparsep=11.0pt
* \columnsep=10.0pt
* \skip\footins=9.0pt plus 4.0pt minus 2.0pt
* \hoffset=0.0pt
* \voffset=0.0pt
* \mag=1000
* \@twocolumnfalse
* \@twosidefalse
* \@mparswitchfalse
* \@reversemarginfalse
* (1in=72.27pt=25.4mm, 1cm=28.453pt)

Package caption Info: Begin \AtBeginDocument code.
Package caption Info: End \AtBeginDocument code.
.................................................
. fontspec info: "setup-math"
. 
. Adjusting the maths setup (use [no-math] to avoid this).
.................................................
\symlegacymaths=\mathgroup9
LaTeX Font Info:    Overwriting symbol font `legacymaths' in version `bold'
(Font)                  OT1/cmr/m/n --> OT1/cmr/bx/n on input line 35.
LaTeX Font Info:    Redeclaring math accent \acute on input line 35.
LaTeX Font Info:    Redeclaring math accent \grave on input line 35.
LaTeX Font Info:    Redeclaring math accent \ddot on input line 35.
LaTeX Font Info:    Redeclaring math accent \tilde on input line 35.
LaTeX Font Info:    Redeclaring math accent \bar on input line 35.
LaTeX Font Info:    Redeclaring math accent \breve on input line 35.
LaTeX Font Info:    Redeclaring math accent \check on input line 35.
LaTeX Font Info:    Redeclaring math accent \hat on input line 35.
LaTeX Font Info:    Redeclaring math accent \dot on input line 35.
LaTeX Font Info:    Redeclaring math accent \mathring on input line 35.
LaTeX Font Info:    Redeclaring math symbol \Gamma on input line 35.
LaTeX Font Info:    Redeclaring math symbol \Delta on input line 35.
LaTeX Font Info:    Redeclaring math symbol \Theta on input line 35.
LaTeX Font Info:    Redeclaring math symbol \Lambda on input line 35.
LaTeX Font Info:    Redeclaring math symbol \Xi on input line 35.
LaTeX Font Info:    Redeclaring math symbol \Pi on input line 35.
LaTeX Font Info:    Redeclaring math symbol \Sigma on input line 35.
LaTeX Font Info:    Redeclaring math symbol \Upsilon on input line 35.
LaTeX Font Info:    Redeclaring math symbol \Phi on input line 35.
LaTeX Font Info:    Redeclaring math symbol \Psi on input line 35.
LaTeX Font Info:    Redeclaring math symbol \Omega on input line 35.
LaTeX Font Info:    Redeclaring math symbol \mathdollar on input line 35.
LaTeX Font Info:    Redeclaring symbol font `operators' on input line 35.
LaTeX Font Info:    Encoding `OT1' has changed to `EU1' for symbol font
(Font)              `operators' in the math version `normal' on input line 35.
LaTeX Font Info:    Overwriting symbol font `operators' in version `normal'
(Font)                  OT1/cmr/m/n --> EU1/AdobeGaramondPro(0)/m/n on input li
ne 35.
LaTeX Font Info:    Encoding `OT1' has changed to `EU1' for symbol font
(Font)              `operators' in the math version `bold' on input line 35.
LaTeX Font Info:    Overwriting symbol font `operators' in version `bold'
(Font)                  OT1/cmr/bx/n --> EU1/AdobeGaramondPro(0)/m/n on input l
ine 35.
LaTeX Font Info:    Overwriting symbol font `operators' in version `normal'
(Font)                  EU1/AdobeGaramondPro(0)/m/n --> EU1/AdobeGaramondPro(0)
/m/n on input line 35.
LaTeX Font Info:    Overwriting math alphabet `\mathrm' in version `normal'
(Font)                  EU1/AdobeGaramondPro(0)/m/n --> EU1/AdobeGaramondPro(0)
/m/n on input line 35.
LaTeX Font Info:    Overwriting math alphabet `\mathit' in version `normal'
(Font)                  OT1/cmr/m/it --> EU1/AdobeGaramondPro(0)/m/it on input 
line 35.
LaTeX Font Info:    Overwriting math alphabet `\mathbf' in version `normal'
(Font)                  OT1/cmr/bx/n --> EU1/AdobeGaramondPro(0)/bx/n on input 
line 35.
LaTeX Font Info:    Overwriting math alphabet `\mathsf' in version `normal'
(Font)                  OT1/cmss/m/n --> EU1/Helvetica(0)/m/n on input line 35.

LaTeX Font Info:    Overwriting math alphabet `\mathtt' in version `normal'
(Font)                  OT1/cmtt/m/n --> EU1/CourierNew(0)/m/n on input line 35
.
LaTeX Font Info:    Overwriting symbol font `operators' in version `bold'
(Font)                  EU1/AdobeGaramondPro(0)/m/n --> EU1/AdobeGaramondPro(0)
/bx/n on input line 35.
LaTeX Font Info:    Overwriting math alphabet `\mathrm' in version `bold'
(Font)                  EU1/AdobeGaramondPro(0)/m/n --> EU1/AdobeGaramondPro(0)
/bx/n on input line 35.
LaTeX Font Info:    Overwriting math alphabet `\mathit' in version `bold'
(Font)                  OT1/cmr/bx/it --> EU1/AdobeGaramondPro(0)/bx/it on inpu
t line 35.
LaTeX Font Info:    Overwriting math alphabet `\mathsf' in version `bold'
(Font)                  OT1/cmss/bx/n --> EU1/Helvetica(0)/bx/n on input line 3
5.
LaTeX Font Info:    Overwriting math alphabet `\mathtt' in version `bold'
(Font)                  OT1/cmtt/m/n --> EU1/CourierNew(0)/bx/n on input line 3
5.
File: ../../../../+LaTeX/MonashLetterHeadCrestCrop.png Graphic file (type QTm)
<use  "../../../../+LaTeX/MonashLetterHeadCrestCrop.png" >
LaTeX Font Info:    Font shape `EU1/AdobeGaramondPro(0)/m/n' will be
(Font)              scaled to size 18.75734pt on input line 47.

Underfull \hbox (badness 10000) in paragraph at lines 47--49

 []

File: FrontPage.001.png Graphic file (type QTm)
<use  "FrontPage.001.png" >
LaTeX Font Info:    Font shape `EU1/AdobeGaramondPro(0)/m/n' will be
(Font)              scaled to size 15.63112pt on input line 69.
 [1

]
LaTeX Font Info:    Font shape `EU1/AdobeGaramondPro(0)/m/n' will be
(Font)              scaled to size 13.02594pt on input line 74.
LaTeX Font Info:    Font shape `EU1/AdobeGaramondPro(0)/bx/n' will be
(Font)              scaled to size 12.83203pt on input line 74.
LaTeX Font Info:    Font shape `EU1/AdobeGaramondPro(0)/bx/n' will be
(Font)              scaled to size 10.69336pt on input line 77.
LaTeX Font Info:    Font shape `EU1/CourierNew(0)/m/n' will be
(Font)              scaled to size 10.18066pt on input line 83.
File: FrontPage.003.png Graphic file (type QTm)
 <use  "FrontPage.003.png" >
LaTeX Font Info:    Font shape `EU1/AdobeGaramondPro(0)/m/n' will be
(Font)              scaled to size 8.68396pt on input line 97.
LaTeX Font Info:    Font shape `EU1/AdobeGaramondPro(0)/m/it' will be
(Font)              scaled to size 8.44983pt on input line 118.
LaTeX Font Info:    Font shape `EU1/AdobeGaramondPro(0)/m/n' will be
(Font)              scaled to size 6.51297pt on input line 119.
LaTeX Font Info:    Font shape `EU1/AdobeGaramondPro(0)/m/n' will be
(Font)              scaled to size 5.42747pt on input line 119.
LaTeX Font Info:    Try loading font information for U+msa on input line 119.

(/usr/local/texlive/2012/texmf-dist/tex/latex/amsfonts/umsa.fd
File: umsa.fd 2009/06/22 v3.00 AMS symbols A
)
LaTeX Font Info:    Try loading font information for U+msb on input line 119.

(/usr/local/texlive/2012/texmf-dist/tex/latex/amsfonts/umsb.fd
File: umsb.fd 2009/06/22 v3.00 AMS symbols B
) [2]
LaTeX Font Info:    Font shape `EU1/AdobeGaramondPro(0)/m/n' will be
(Font)              scaled to size 27.00711pt on input line 124.
LaTeX Font Info:    Font shape `EU1/AdobeGaramondPro(0)/bx/n' will be
(Font)              scaled to size 26.60507pt on input line 124.
 (./ICFM.toc
LaTeX Font Info:    Font shape `EU1/AdobeGaramondPro(0)/m/n' will be
(Font)              scaled to size 7.59846pt on input line 2.
LaTeX Font Info:    Font shape `EU1/AdobeGaramondPro(0)/bx/n' will be
(Font)              scaled to size 7.48535pt on input line 38.
LaTeX Font Info:    Font shape `EU1/AdobeGaramondPro(0)/bx/n' will be
(Font)              scaled to size 5.34668pt on input line 38.
[3

])
\tf@toc=\write5
\openout5 = `ICFM.toc'.

 [4]
Chapter 1.
LaTeX Font Info:    Font shape `EU1/AdobeGaramondPro(0)/m/n' will be
(Font)              scaled to size 22.51317pt on input line 126.
LaTeX Font Info:    Font shape `EU1/AdobeGaramondPro(0)/bx/n' will be
(Font)              scaled to size 22.17802pt on input line 126.
LaTeX Font Info:    Font shape `EU1/AdobeGaramondPro(0)/bx/n' will be
(Font)              scaled to size 15.39842pt on input line 134.
File: Section3.pdf Graphic file (type QTm)
<use  "Section3.pdf" >
LaTeX Font Info:    Font shape `EU1/AdobeGaramondPro(0)/m/n' will be
(Font)              scaled to size 9.76945pt on input line 149.
LaTeX Font Info:    Font shape `EU1/AdobeGaramondPro(0)/m/it' will be
(Font)              scaled to size 9.50606pt on input line 149.
LaTeX Font Info:    Font shape `EU1/AdobeGaramondPro(0)/bx/it' will be
(Font)              scaled to size 9.36832pt on input line 149.
 [1

]
File: Section4.pdf Graphic file (type QTm)
 <use  "Section4.pdf" >
Underfull \hbox (badness 10000) in paragraph at lines 226--227

 []

[2]
File: Section5.pdf Graphic file (type QTm)
 <use  "Section5.pdf" >
File: Section6.pdf Graphic file (type QTm)
 <use  "Section6.pdf" >
File: DSC_4302a.jpg Graphic file (type QTm)
 <use  "DSC_4302a.jpg" >
[3]
File: Section7.pdf Graphic file (type QTm)
 <use  "Section7.pdf" >
LaTeX Font Info:    Font shape `EU1/AdobeGaramondPro(0)/bx/n' will be
(Font)              scaled to size 9.62402pt on input line 368.
LaTeX Font Info:    Font shape `EU1/AdobeGaramondPro(0)/bx/n' will be
(Font)              scaled to size 6.41602pt on input line 368.
 [4] [5] [6]
Chapter 2.
File: Section21.pdf Graphic file (type QTm)
<use  "Section21.pdf" > [7


] [8]
Underfull \hbox (badness 10000) in paragraph at lines 732--733

 []


Underfull \hbox (badness 10000) in paragraph at lines 749--750

 []

File: Section22.pdf Graphic file (type QTm)
<use  "Section22.pdf" >
File: Section23.pdf Graphic file (type QTm)
 <use  "Section23.pdf" >
File: Section24.pdf Graphic file (type QTm)
 <use  "Section24.pdf" >
[9] [10]
File: Section25.pdf Graphic file (type QTm)
 <use  "Section25.pdf" >
File: Section26.pdf Graphic file (type QTm)
 <use  "Section26.pdf" >

Package wrapfig Warning: Collision between wrapping environments on input line 
898.

File: Section27.pdf Graphic file (type QTm)
<use  "Section27.pdf" >

Package wrapfig Warning: Stationary wrapfigure forced to float on input line 90
4.

[11]
File: Section28.pdf Graphic file (type QTm)
 <use  "Section28.pdf" > [12]
Underfull \hbox (badness 10000) in paragraph at lines 1153--1154

 []

[13]
File: Section29.pdf Graphic file (type QTm)
 <use  "Section29.pdf" >
Missing character: There is no ^^? in font Adobe Garamond Pro Bold/ICU:script=l
atn;language=DFLT;mapping=tex-text;!
Missing character: There is no ^^? in font Adobe Garamond Pro Bold/ICU:script=l
atn;language=DFLT;mapping=tex-text;!
Missing character: There is no ^^? in font Adobe Garamond Pro Bold/ICU:script=l
atn;language=DFLT;mapping=tex-text;!
Missing character: There is no ^^? in font Adobe Garamond Pro Bold/ICU:script=l
atn;language=DFLT;mapping=tex-text;!
Missing character: There is no ^^? in font Adobe Garamond Pro Bold/ICU:script=l
atn;language=DFLT;mapping=tex-text;!
Missing character: There is no ^^? in font Adobe Garamond Pro Bold/ICU:script=l
atn;language=DFLT;mapping=tex-text;!
Missing character: There is no ^^? in font Adobe Garamond Pro Bold/ICU:script=l
atn;language=DFLT;mapping=tex-text;!
Missing character: There is no ^^? in font Adobe Garamond Pro Bold/ICU:script=l
atn;language=DFLT;mapping=tex-text;!
Missing character: There is no ^^? in font Adobe Garamond Pro Bold/ICU:script=l
atn;language=DFLT;mapping=tex-text;!
Missing character: There is no ^^? in font Adobe Garamond Pro Bold/ICU:script=l
atn;language=DFLT;mapping=tex-text;!
Missing character: There is no ^^? in font Adobe Garamond Pro Bold/ICU:script=l
atn;language=DFLT;mapping=tex-text;!
Missing character: There is no ^^? in font Adobe Garamond Pro Bold/ICU:script=l
atn;language=DFLT;mapping=tex-text;!
Missing character: There is no ^^? in font Adobe Garamond Pro Bold/ICU:script=l
atn;language=DFLT;mapping=tex-text;!
Missing character: There is no ^^? in font Adobe Garamond Pro Bold/ICU:script=l
atn;language=DFLT;mapping=tex-text;!
Missing character: There is no ^^? in font Adobe Garamond Pro Bold/ICU:script=l
atn;language=DFLT;mapping=tex-text;!
Missing character: There is no ^^? in font Adobe Garamond Pro Bold/ICU:script=l
atn;language=DFLT;mapping=tex-text;!
Missing character: There is no ^^? in font Adobe Garamond Pro Bold/ICU:script=l
atn;language=DFLT;mapping=tex-text;!
Missing character: There is no ^^? in font Adobe Garamond Pro Bold/ICU:script=l
atn;language=DFLT;mapping=tex-text;!
Missing character: There is no ^^? in font Adobe Garamond Pro Bold/ICU:script=l
atn;language=DFLT;mapping=tex-text;!
Missing character: There is no ^^? in font Adobe Garamond Pro Bold/ICU:script=l
atn;language=DFLT;mapping=tex-text;!
Missing character: There is no ^^? in font Adobe Garamond Pro Bold/ICU:script=l
atn;language=DFLT;mapping=tex-text;!
Missing character: There is no ^^? in font Adobe Garamond Pro Bold/ICU:script=l
atn;language=DFLT;mapping=tex-text;!
Missing character: There is no ^^? in font Adobe Garamond Pro Bold/ICU:script=l
atn;language=DFLT;mapping=tex-text;!
Missing character: There is no ^^? in font Adobe Garamond Pro Bold/ICU:script=l
atn;language=DFLT;mapping=tex-text;!
Missing character: There is no ^^? in font Adobe Garamond Pro Bold/ICU:script=l
atn;language=DFLT;mapping=tex-text;!
Missing character: There is no ^^? in font Adobe Garamond Pro Bold/ICU:script=l
atn;language=DFLT;mapping=tex-text;!
Missing character: There is no ^^? in font Adobe Garamond Pro Bold/ICU:script=l
atn;language=DFLT;mapping=tex-text;!
Missing character: There is no ^^? in font Adobe Garamond Pro Bold/ICU:script=l
atn;language=DFLT;mapping=tex-text;!
Missing character: There is no ^^? in font Adobe Garamond Pro Bold/ICU:script=l
atn;language=DFLT;mapping=tex-text;!
Missing character: There is no ^^? in font Adobe Garamond Pro Bold/ICU:script=l
atn;language=DFLT;mapping=tex-text;!
Missing character: There is no ^^? in font Adobe Garamond Pro Bold/ICU:script=l
atn;language=DFLT;mapping=tex-text;!
Missing character: There is no ^^? in font Adobe Garamond Pro Bold/ICU:script=l
atn;language=DFLT;mapping=tex-text;!
Missing character: There is no ^^? in font Adobe Garamond Pro Bold/ICU:script=l
atn;language=DFLT;mapping=tex-text;!
Missing character: There is no ^^? in font Adobe Garamond Pro Bold/ICU:script=l
atn;language=DFLT;mapping=tex-text;!
Missing character: There is no ^^? in font Adobe Garamond Pro Bold/ICU:script=l
atn;language=DFLT;mapping=tex-text;!
Missing character: There is no ^^? in font Adobe Garamond Pro Bold/ICU:script=l
atn;language=DFLT;mapping=tex-text;!
Missing character: There is no ^^? in font Adobe Garamond Pro Bold/ICU:script=l
atn;language=DFLT;mapping=tex-text;!
Missing character: There is no ^^? in font Adobe Garamond Pro Bold/ICU:script=l
atn;language=DFLT;mapping=tex-text;!
Missing character: There is no ^^? in font Adobe Garamond Pro Bold/ICU:script=l
atn;language=DFLT;mapping=tex-text;!
Missing character: There is no ^^? in font Adobe Garamond Pro Bold/ICU:script=l
atn;language=DFLT;mapping=tex-text;!
Missing character: There is no ^^? in font Adobe Garamond Pro Bold/ICU:script=l
atn;language=DFLT;mapping=tex-text;!
Missing character: There is no ^^? in font Adobe Garamond Pro Bold/ICU:script=l
atn;language=DFLT;mapping=tex-text;!
Missing character: There is no ^^? in font Adobe Garamond Pro Bold/ICU:script=l
atn;language=DFLT;mapping=tex-text;!
Missing character: There is no ^^? in font Adobe Garamond Pro Bold/ICU:script=l
atn;language=DFLT;mapping=tex-text;!
Missing character: There is no ^^? in font Adobe Garamond Pro Bold/ICU:script=l
atn;language=DFLT;mapping=tex-text;!
Missing character: There is no ^^? in font Adobe Garamond Pro Bold/ICU:script=l
atn;language=DFLT;mapping=tex-text;!
Missing character: There is no ^^? in font Adobe Garamond Pro Bold/ICU:script=l
atn;language=DFLT;mapping=tex-text;!
Missing character: There is no ^^? in font Adobe Garamond Pro Bold/ICU:script=l
atn;language=DFLT;mapping=tex-text;!
 [14] [15] [16] [17]
Missing character: There is no ^^? in font Adobe Garamond Pro Bold/ICU:script=l
atn;language=DFLT;mapping=tex-text;!
Missing character: There is no ^^? in font Adobe Garamond Pro Bold/ICU:script=l
atn;language=DFLT;mapping=tex-text;!
Missing character: There is no ^^? in font Adobe Garamond Pro Bold/ICU:script=l
atn;language=DFLT;mapping=tex-text;!
Missing character: There is no ^^? in font Adobe Garamond Pro Bold/ICU:script=l
atn;language=DFLT;mapping=tex-text;!
Missing character: There is no ^^? in font Adobe Garamond Pro Bold/ICU:script=l
atn;language=DFLT;mapping=tex-text;!
Missing character: There is no ^^? in font Adobe Garamond Pro Bold/ICU:script=l
atn;language=DFLT;mapping=tex-text;!
Missing character: There is no ^^? in font Adobe Garamond Pro Bold/ICU:script=l
atn;language=DFLT;mapping=tex-text;!
Missing character: There is no ^^? in font Adobe Garamond Pro Bold/ICU:script=l
atn;language=DFLT;mapping=tex-text;!
Missing character: There is no ^^? in font Adobe Garamond Pro Bold/ICU:script=l
atn;language=DFLT;mapping=tex-text;!
Missing character: There is no ^^? in font Adobe Garamond Pro Bold/ICU:script=l
atn;language=DFLT;mapping=tex-text;!
Missing character: There is no ^^? in font Adobe Garamond Pro Bold/ICU:script=l
atn;language=DFLT;mapping=tex-text;!
Missing character: There is no ^^? in font Adobe Garamond Pro Bold/ICU:script=l
atn;language=DFLT;mapping=tex-text;!
Missing character: There is no ^^? in font Adobe Garamond Pro Bold/ICU:script=l
atn;language=DFLT;mapping=tex-text;!
Missing character: There is no ^^? in font Adobe Garamond Pro Bold/ICU:script=l
atn;language=DFLT;mapping=tex-text;!
Missing character: There is no ^^? in font Adobe Garamond Pro Bold/ICU:script=l
atn;language=DFLT;mapping=tex-text;!
Missing character: There is no ^^? in font Adobe Garamond Pro Bold/ICU:script=l
atn;language=DFLT;mapping=tex-text;!
 [18]
Chapter 3.

Package amsmath Warning: Foreign command \over;
(amsmath)                \frac or \genfrac should be used instead
(amsmath)                 on input line 1726.


Underfull \hbox (badness 10000) in paragraph at lines 1753--1757

 []

[19


]
File: Section31.pdf Graphic file (type QTm)
 <use  "Section31.pdf" >
File: Section32.pdf Graphic file (type QTm)
 <use  "Section32.pdf" >

Package wrapfig Warning: Collision between wrapping environments on input line 
1803.

File: Section33.pdf Graphic file (type QTm)
<use  "Section33.pdf" >

Package wrapfig Warning: Stationary wrapfigure forced to float on input line 18
09.

[20]
File: Section34.pdf Graphic file (type QTm)
 <use  "Section34.pdf" > [21] [22]
Chapter 4.
File: DSC_4103.jpg Graphic file (type QTm)
<use  "DSC_4103.jpg" >
File: Section42.pdf Graphic file (type QTm)
 <use  "Section42.pdf" > [23

]
Underfull \hbox (badness 10000) in paragraph at lines 2179--2180

 []

[24]
LaTeX Font Info:    Font shape `EU1/AdobeGaramondPro(0)/bx/n' will be
(Font)              scaled to size 8.55469pt on input line 2244.
File: Section43.pdf Graphic file (type QTm)
 <use  "Section43.pdf" >
Overfull \hbox (25.4236pt too wide) in paragraph at lines 2277--2277
[] 
 []

[25] [26]
Underfull \hbox (badness 10000) in paragraph at lines 2338--2339

 []

File: Section44.pdf Graphic file (type QTm)
<use  "Section44.pdf" >
Underfull \hbox (badness 10000) in paragraph at lines 2379--2380

 []

File: Section45.pdf Graphic file (type QTm)
<use  "Section45.pdf" >
File: Section46.pdf Graphic file (type QTm)
 <use  "Section46.pdf" > [27]
Underfull \hbox (badness 10000) in paragraph at lines 2459--2460

 []


Underfull \hbox (badness 10000) in paragraph at lines 2476--2477

 []

File: Section47.pdf Graphic file (type QTm)
<use  "Section47.pdf" > [28]
Underfull \hbox (badness 10000) in paragraph at lines 2595--2596

 []

[29]
File: Section48.pdf Graphic file (type QTm)
 <use  "Section48.pdf" > [30] [31] [32] [33]
Chapter 5.
[34

] [35] [36] [37]
File: Hele-Shaw-Cell.pdf Graphic file (type QTm)
 <use  "Hele-Shaw-Cell.pdf" > [38] [39]
Chapter 6.
File: Section61.pdf Graphic file (type QTm)
<use  "Section61.pdf" > [40


] [41]
File: Section62.pdf Graphic file (type QTm)
 <use  "Section62.pdf" > [42] [43] [44]
Chapter 7.
File: Section71.pdf Graphic file (type QTm)
<use  "Section71.pdf" > [45

]
File: Section72.pdf Graphic file (type QTm)
 <use  "Section72.pdf" >
File: Section73.pdf Graphic file (type QTm)
 <use  "Section73.pdf" >
[46] [47]
File: Section74.pdf Graphic file (type QTm)
 <use  "Section74.pdf" >
File: Section75.pdf Graphic file (type QTm)
 <use  "Section75.pdf" >
File: Hawaii.jpg Graphic file (type QTm)
 <use  "Hawaii.jpg" >
File: island.jpg Graphic file (type QTm)

<use  "island.jpg" > [48]
File: Section76.pdf Graphic file (type QTm)
 <use  "Section76.pdf" > [49] [50]
File: Section77.pdf Graphic file (type QTm)

<use  "Section77.pdf" > [51] [52]
File: Section78.pdf Graphic file (type QTm)
 <use  "Section78.pdf" >
File: Section79.pdf Graphic file (type QTm)

<use  "Section79.pdf" >
File: Section710.pdf Graphic file (type QTm)
 <use  "Section710.pdf" > [53] [54] (./ICFM.aux)

LaTeX Warning: Label(s) may have changed. Rerun to get cross-references right.

 ) 
Here is how much of TeX's memory you used:
 17536 strings out of 494004
 357523 string characters out of 3150890
 365151 words of memory out of 3000000
 20473 multiletter control sequences out of 15000+200000
 20809 words of font info for 122 fonts, out of 3000000 for 9000
 1144 hyphenation exceptions out of 8191
 38i,15n,46p,665b,381s stack positions out of 5000i,500n,10000p,200000b,50000s

Output written on ICFM.pdf (58 pages).
